This file contains any messages produced by compilers while
running configure, to aid debugging if configure makes a mistake.

It was created by configure, which was
generated by GNU Autoconf 2.69.  Invocation command line was

  $ /Users/dbreton/ClionProjects/rtv1/sdl/configure --prefix=/Users/dbreton/ClionProjects/rtv1/sdl

## --------- ##
## Platform. ##
## --------- ##

hostname = e1r4p2.42.fr
uname -m = x86_64
uname -r = 15.6.0
uname -s = Darwin
uname -v = Darwin Kernel Version 15.6.0: Mon Jan  9 23:07:29 PST 2017; root:xnu-3248.60.11.2.1~1/RELEASE_X86_64

/usr/bin/uname -p = i386
/bin/uname -X     = unknown

/bin/arch              = unknown
/usr/bin/arch -k       = unknown
/usr/convex/getsysinfo = unknown
/usr/bin/hostinfo      = Mach kernel version:
	 Darwin Kernel Version 15.6.0: Mon Jan  9 23:07:29 PST 2017; root:xnu-3248.60.11.2.1~1/RELEASE_X86_64
Kernel configured for up to 4 processors.
4 processors are physically available.
4 processors are logically available.
Processor type: i486 (Intel 80486)
Processors active: 0 1 2 3
Primary memory available: 8.00 gigabytes
Default processor set: 263 tasks, 1283 threads, 4 processors
Load average: 1.95, Mach factor: 2.13
/bin/machine           = unknown
/usr/bin/oslevel       = unknown
/bin/universe          = unknown

PATH: /usr/bin
PATH: /bin
PATH: /usr/sbin
PATH: /sbin
PATH: /usr/local/bin
PATH: /opt/X11/bin
PATH: /usr/local/munki


## ----------- ##
## Core tests. ##
## ----------- ##

configure:2735: checking build system type
configure:2749: result: x86_64-apple-darwin15.6.0
configure:2769: checking host system type
configure:2782: result: x86_64-apple-darwin15.6.0
configure:2823: checking how to print strings
configure:2850: result: printf
configure:2919: checking for gcc
configure:2935: found /usr/bin/gcc
configure:2946: result: gcc
configure:3175: checking for C compiler version
configure:3184: gcc --version >&5
Apple LLVM version 8.0.0 (clang-800.0.42.1)
Target: x86_64-apple-darwin15.6.0
Thread model: posix
InstalledDir: /Applications/Xcode.app/Contents/Developer/Toolchains/XcodeDefault.xctoolchain/usr/bin
Configured with: --prefix=/Applications/Xcode.app/Contents/Developer/usr --with-gxx-include-dir=/usr/include/c++/4.2.1
configure:3195: $? = 0
configure:3184: gcc -v >&5
Configured with: --prefix=/Applications/Xcode.app/Contents/Developer/usr --with-gxx-include-dir=/usr/include/c++/4.2.1
Apple LLVM version 8.0.0 (clang-800.0.42.1)
Target: x86_64-apple-darwin15.6.0
Thread model: posix
InstalledDir: /Applications/Xcode.app/Contents/Developer/Toolchains/XcodeDefault.xctoolchain/usr/bin
configure:3195: $? = 0
configure:3184: gcc -V >&5
clang: error: argument to '-V' is missing (expected 1 value)
clang: error: no input files
configure:3195: $? = 1
configure:3184: gcc -qversion >&5
clang: error: unknown argument: '-qversion'
clang: error: no input files
configure:3195: $? = 1
configure:3215: checking whether the C compiler works
configure:3237: gcc    conftest.c  >&5
configure:3241: $? = 0
configure:3289: result: yes
configure:3292: checking for C compiler default output file name
configure:3294: result: a.out
configure:3300: checking for suffix of executables
configure:3307: gcc -o conftest    conftest.c  >&5
configure:3311: $? = 0
configure:3333: result: 
configure:3355: checking whether we are cross compiling
configure:3363: gcc -o conftest    conftest.c  >&5
configure:3367: $? = 0
configure:3374: ./conftest
configure:3378: $? = 0
configure:3393: result: no
configure:3398: checking for suffix of object files
configure:3420: gcc -c   conftest.c >&5
configure:3424: $? = 0
configure:3445: result: o
configure:3449: checking whether we are using the GNU C compiler
configure:3468: gcc -c   conftest.c >&5
configure:3468: $? = 0
configure:3477: result: yes
configure:3486: checking whether gcc accepts -g
configure:3506: gcc -c -g  conftest.c >&5
configure:3506: $? = 0
configure:3547: result: yes
configure:3564: checking for gcc option to accept ISO C89
configure:3627: gcc  -c -g -O2  conftest.c >&5
configure:3627: $? = 0
configure:3640: result: none needed
configure:3660: checking for a sed that does not truncate output
configure:3724: result: /usr/bin/sed
configure:3742: checking for grep that handles long lines and -e
configure:3800: result: /usr/bin/grep
configure:3805: checking for egrep
configure:3867: result: /usr/bin/grep -E
configure:3872: checking for fgrep
configure:3934: result: /usr/bin/grep -F
configure:3969: checking for ld used by gcc
configure:4036: result: /Applications/Xcode.app/Contents/Developer/Toolchains/XcodeDefault.xctoolchain/usr/bin/ld
configure:4043: checking if the linker (/Applications/Xcode.app/Contents/Developer/Toolchains/XcodeDefault.xctoolchain/usr/bin/ld) is GNU ld
configure:4058: result: no
configure:4070: checking for BSD- or MS-compatible name lister (nm)
configure:4119: result: /usr/bin/nm -B
configure:4249: checking the name lister (/usr/bin/nm -B) interface
configure:4256: gcc -c -g -O2  conftest.c >&5
configure:4259: /usr/bin/nm -B "conftest.o"
configure:4262: output
00000000000001f8 S _some_variable
configure:4269: result: BSD nm
configure:4272: checking whether ln -s works
configure:4276: result: yes
configure:4284: checking the maximum length of command line arguments
configure:4414: result: 196608
configure:4431: checking whether the shell understands some XSI constructs
configure:4441: result: yes
configure:4445: checking whether the shell understands "+="
configure:4451: result: yes
configure:4486: checking how to convert x86_64-apple-darwin15.6.0 file names to x86_64-apple-darwin15.6.0 format
configure:4526: result: func_convert_file_noop
configure:4533: checking how to convert x86_64-apple-darwin15.6.0 file names to toolchain format
configure:4553: result: func_convert_file_noop
configure:4560: checking for /Applications/Xcode.app/Contents/Developer/Toolchains/XcodeDefault.xctoolchain/usr/bin/ld option to reload object files
configure:4567: result: -r
configure:4641: checking for objdump
configure:4671: result: no
configure:4697: checking how to recognize dependent libraries
configure:4901: result: pass_all
configure:4986: checking for dlltool
configure:5016: result: no
configure:5043: checking how to associate runtime and link libraries
configure:5070: result: printf %s\n
configure:5131: checking for ar
configure:5147: found /usr/bin/ar
configure:5158: result: ar
configure:5195: checking for archiver @FILE support
configure:5212: gcc -c -g -O2  conftest.c >&5
configure:5212: $? = 0
configure:5215: ar cru libconftest.a @conftest.lst >&5
ar: @conftest.lst: No such file or directory
configure:5218: $? = 1
configure:5238: result: no
configure:5296: checking for strip
configure:5312: found /usr/bin/strip
configure:5323: result: strip
configure:5395: checking for ranlib
configure:5411: found /usr/bin/ranlib
configure:5422: result: ranlib
configure:5499: checking for gawk
configure:5529: result: no
configure:5499: checking for mawk
configure:5529: result: no
configure:5499: checking for nawk
configure:5529: result: no
configure:5499: checking for awk
configure:5515: found /usr/bin/awk
configure:5526: result: awk
configure:5566: checking command to parse /usr/bin/nm -B output from gcc object
configure:5686: gcc -c -g -O2  conftest.c >&5
configure:5689: $? = 0
configure:5693: /usr/bin/nm -B conftest.o \| sed -n -e 's/^.*[ ]\([BCDEGRST][BCDEGRST]*\)[ ][ ]*\([_A-Za-z][_A-Za-z0-9]*\)$/\1 \2 \2/p' | sed '/ __gnu_lto/d' \> conftest.nm
configure:5696: $? = 0
cannot find nm_test_var in conftest.nm
configure:5686: gcc -c -g -O2  conftest.c >&5
configure:5689: $? = 0
configure:5693: /usr/bin/nm -B conftest.o \| sed -n -e 's/^.*[ ]\([BCDEGRST][BCDEGRST]*\)[ ][ ]*_\([_A-Za-z][_A-Za-z0-9]*\)$/\1 _\2 \2/p' | sed '/ __gnu_lto/d' \> conftest.nm
configure:5696: $? = 0
configure:5762: gcc -o conftest -g -O2   conftest.c conftstm.o >&5
warning: (x86_64)  could not find object file symbol for symbol _main
configure:5765: $? = 0
configure:5803: result: ok
configure:5840: checking for sysroot
configure:5870: result: no
configure:6126: checking for mt
configure:6156: result: no
configure:6176: checking if : is a manifest tool
configure:6182: : '-?'
configure:6190: result: no
configure:6246: checking for dsymutil
configure:6262: found /usr/bin/dsymutil
configure:6273: result: dsymutil
configure:6338: checking for nmedit
configure:6354: found /usr/bin/nmedit
configure:6365: result: nmedit
configure:6430: checking for lipo
configure:6446: found /usr/bin/lipo
configure:6457: result: lipo
configure:6522: checking for otool
configure:6538: found /usr/bin/otool
configure:6549: result: otool
configure:6614: checking for otool64
configure:6644: result: no
configure:6689: checking for -single_module linker flag
gcc -g -O2  -o libconftest.dylib -dynamiclib -Wl,-single_module conftest.c
configure:6722: result: yes
configure:6725: checking for -exported_symbols_list linker flag
configure:6745: gcc -o conftest -g -O2   -Wl,-exported_symbols_list,conftest.sym conftest.c  >&5
configure:6745: $? = 0
configure:6755: result: yes
configure:6758: checking for -force_load linker flag
gcc -g -O2 -c -o conftest.o conftest.c
ar cru libconftest.a conftest.o
ranlib libconftest.a
gcc -g -O2  -o conftest conftest.c -Wl,-force_load,./libconftest.a
configure:6790: result: yes
configure:6832: checking how to run the C preprocessor
configure:6863: gcc -E  conftest.c
configure:6863: $? = 0
configure:6877: gcc -E  conftest.c
conftest.c:9:10: fatal error: 'ac_nonexistent.h' file not found
#include <ac_nonexistent.h>
         ^
1 error generated.
configure:6877: $? = 1
configure: failed program was:
| /* confdefs.h */
| #define PACKAGE_NAME ""
| #define PACKAGE_TARNAME ""
| #define PACKAGE_VERSION ""
| #define PACKAGE_STRING ""
| #define PACKAGE_BUGREPORT ""
| #define PACKAGE_URL ""
| /* end confdefs.h.  */
| #include <ac_nonexistent.h>
configure:6902: result: gcc -E
configure:6922: gcc -E  conftest.c
configure:6922: $? = 0
configure:6936: gcc -E  conftest.c
conftest.c:9:10: fatal error: 'ac_nonexistent.h' file not found
#include <ac_nonexistent.h>
         ^
1 error generated.
configure:6936: $? = 1
configure: failed program was:
| /* confdefs.h */
| #define PACKAGE_NAME ""
| #define PACKAGE_TARNAME ""
| #define PACKAGE_VERSION ""
| #define PACKAGE_STRING ""
| #define PACKAGE_BUGREPORT ""
| #define PACKAGE_URL ""
| /* end confdefs.h.  */
| #include <ac_nonexistent.h>
configure:6965: checking for ANSI C header files
configure:6985: gcc -c -g -O2  conftest.c >&5
configure:6985: $? = 0
configure:7058: gcc -o conftest -g -O2   conftest.c  >&5
configure:7058: $? = 0
configure:7058: ./conftest
configure:7058: $? = 0
configure:7069: result: yes
configure:7082: checking for sys/types.h
configure:7082: gcc -c -g -O2  conftest.c >&5
configure:7082: $? = 0
configure:7082: result: yes
configure:7082: checking for sys/stat.h
configure:7082: gcc -c -g -O2  conftest.c >&5
configure:7082: $? = 0
configure:7082: result: yes
configure:7082: checking for stdlib.h
configure:7082: gcc -c -g -O2  conftest.c >&5
configure:7082: $? = 0
configure:7082: result: yes
configure:7082: checking for string.h
configure:7082: gcc -c -g -O2  conftest.c >&5
configure:7082: $? = 0
configure:7082: result: yes
configure:7082: checking for memory.h
configure:7082: gcc -c -g -O2  conftest.c >&5
configure:7082: $? = 0
configure:7082: result: yes
configure:7082: checking for strings.h
configure:7082: gcc -c -g -O2  conftest.c >&5
configure:7082: $? = 0
configure:7082: result: yes
configure:7082: checking for inttypes.h
configure:7082: gcc -c -g -O2  conftest.c >&5
configure:7082: $? = 0
configure:7082: result: yes
configure:7082: checking for stdint.h
configure:7082: gcc -c -g -O2  conftest.c >&5
configure:7082: $? = 0
configure:7082: result: yes
configure:7082: checking for unistd.h
configure:7082: gcc -c -g -O2  conftest.c >&5
configure:7082: $? = 0
configure:7082: result: yes
configure:7096: checking for dlfcn.h
configure:7096: gcc -c -g -O2  conftest.c >&5
configure:7096: $? = 0
configure:7096: result: yes
configure:7600: checking for objdir
configure:7615: result: .libs
configure:7886: checking if gcc supports -fno-rtti -fno-exceptions
configure:7904: gcc -c -g -O2  -fno-rtti -fno-exceptions conftest.c >&5
configure:7908: $? = 0
configure:7921: result: yes
configure:8248: checking for gcc option to produce PIC
configure:8255: result: -fno-common -DPIC
configure:8263: checking if gcc PIC flag -fno-common -DPIC works
configure:8281: gcc -c -g -O2  -fno-common -DPIC -DPIC conftest.c >&5
configure:8285: $? = 0
configure:8298: result: yes
configure:8327: checking if gcc static flag -static works
configure:8355: result: no
configure:8370: checking if gcc supports -c -o file.o
configure:8391: gcc -c -g -O2  -o out/conftest2.o conftest.c >&5
configure:8395: $? = 0
configure:8417: result: yes
configure:8425: checking if gcc supports -c -o file.o
configure:8472: result: yes
configure:8505: checking whether the gcc linker (/Applications/Xcode.app/Contents/Developer/Toolchains/XcodeDefault.xctoolchain/usr/bin/ld) supports shared libraries
configure:9658: result: yes
configure:9898: checking dynamic linker characteristics
configure:10640: result: darwin15.6.0 dyld
configure:10747: checking how to hardcode library paths into programs
configure:10772: result: immediate
configure:11312: checking whether stripping libraries is possible
configure:11326: result: yes
configure:11352: checking if libtool supports shared libraries
configure:11354: result: yes
configure:11357: checking whether to build shared libraries
configure:11378: result: yes
configure:11381: checking whether to build static libraries
configure:11385: result: yes
configure:11484: checking for gcc
configure:11511: result: gcc
configure:11740: checking for C compiler version
configure:11749: gcc --version >&5
Apple LLVM version 8.0.0 (clang-800.0.42.1)
Target: x86_64-apple-darwin15.6.0
Thread model: posix
InstalledDir: /Applications/Xcode.app/Contents/Developer/Toolchains/XcodeDefault.xctoolchain/usr/bin
Configured with: --prefix=/Applications/Xcode.app/Contents/Developer/usr --with-gxx-include-dir=/usr/include/c++/4.2.1
configure:11760: $? = 0
configure:11749: gcc -v >&5
Configured with: --prefix=/Applications/Xcode.app/Contents/Developer/usr --with-gxx-include-dir=/usr/include/c++/4.2.1
Apple LLVM version 8.0.0 (clang-800.0.42.1)
Target: x86_64-apple-darwin15.6.0
Thread model: posix
InstalledDir: /Applications/Xcode.app/Contents/Developer/Toolchains/XcodeDefault.xctoolchain/usr/bin
configure:11760: $? = 0
configure:11749: gcc -V >&5
clang: error: argument to '-V' is missing (expected 1 value)
clang: error: no input files
configure:11760: $? = 1
configure:11749: gcc -qversion >&5
clang: error: unknown argument: '-qversion'
clang: error: no input files
configure:11760: $? = 1
configure:11764: checking whether we are using the GNU C compiler
configure:11792: result: yes
configure:11801: checking whether gcc accepts -g
configure:11862: result: yes
configure:11879: checking for gcc option to accept ISO C89
configure:11955: result: none needed
configure:12033: checking for g++
configure:12049: found /usr/bin/g++
configure:12060: result: g++
configure:12087: checking for C++ compiler version
configure:12096: g++ --version >&5
Apple LLVM version 8.0.0 (clang-800.0.42.1)
Target: x86_64-apple-darwin15.6.0
Thread model: posix
InstalledDir: /Applications/Xcode.app/Contents/Developer/Toolchains/XcodeDefault.xctoolchain/usr/bin
Configured with: --prefix=/Applications/Xcode.app/Contents/Developer/usr --with-gxx-include-dir=/usr/include/c++/4.2.1
configure:12107: $? = 0
configure:12096: g++ -v >&5
Configured with: --prefix=/Applications/Xcode.app/Contents/Developer/usr --with-gxx-include-dir=/usr/include/c++/4.2.1
Apple LLVM version 8.0.0 (clang-800.0.42.1)
Target: x86_64-apple-darwin15.6.0
Thread model: posix
InstalledDir: /Applications/Xcode.app/Contents/Developer/Toolchains/XcodeDefault.xctoolchain/usr/bin
configure:12107: $? = 0
configure:12096: g++ -V >&5
clang: error: argument to '-V' is missing (expected 1 value)
clang: error: no input files
configure:12107: $? = 1
configure:12096: g++ -qversion >&5
clang: error: unknown argument: '-qversion'
clang: error: no input files
configure:12107: $? = 1
configure:12111: checking whether we are using the GNU C++ compiler
configure:12130: g++ -c   conftest.cpp >&5
configure:12130: $? = 0
configure:12139: result: yes
configure:12148: checking whether g++ accepts -g
configure:12168: g++ -c -g  conftest.cpp >&5
configure:12168: $? = 0
configure:12209: result: yes
configure:12250: checking how to run the C++ preprocessor
configure:12277: g++ -E  conftest.cpp
configure:12277: $? = 0
configure:12291: g++ -E  conftest.cpp
conftest.cpp:21:10: fatal error: 'ac_nonexistent.h' file not found
#include <ac_nonexistent.h>
         ^
1 error generated.
configure:12291: $? = 1
configure: failed program was:
| /* confdefs.h */
| #define PACKAGE_NAME ""
| #define PACKAGE_TARNAME ""
| #define PACKAGE_VERSION ""
| #define PACKAGE_STRING ""
| #define PACKAGE_BUGREPORT ""
| #define PACKAGE_URL ""
| #define STDC_HEADERS 1
| #define HAVE_SYS_TYPES_H 1
| #define HAVE_SYS_STAT_H 1
| #define HAVE_STDLIB_H 1
| #define HAVE_STRING_H 1
| #define HAVE_MEMORY_H 1
| #define HAVE_STRINGS_H 1
| #define HAVE_INTTYPES_H 1
| #define HAVE_STDINT_H 1
| #define HAVE_UNISTD_H 1
| #define HAVE_DLFCN_H 1
| #define LT_OBJDIR ".libs/"
| /* end confdefs.h.  */
| #include <ac_nonexistent.h>
configure:12316: result: g++ -E
configure:12336: g++ -E  conftest.cpp
configure:12336: $? = 0
configure:12350: g++ -E  conftest.cpp
conftest.cpp:21:10: fatal error: 'ac_nonexistent.h' file not found
#include <ac_nonexistent.h>
         ^
1 error generated.
configure:12350: $? = 1
configure: failed program was:
| /* confdefs.h */
| #define PACKAGE_NAME ""
| #define PACKAGE_TARNAME ""
| #define PACKAGE_VERSION ""
| #define PACKAGE_STRING ""
| #define PACKAGE_BUGREPORT ""
| #define PACKAGE_URL ""
| #define STDC_HEADERS 1
| #define HAVE_SYS_TYPES_H 1
| #define HAVE_SYS_STAT_H 1
| #define HAVE_STDLIB_H 1
| #define HAVE_STRING_H 1
| #define HAVE_MEMORY_H 1
| #define HAVE_STRINGS_H 1
| #define HAVE_INTTYPES_H 1
| #define HAVE_STDINT_H 1
| #define HAVE_UNISTD_H 1
| #define HAVE_DLFCN_H 1
| #define LT_OBJDIR ".libs/"
| /* end confdefs.h.  */
| #include <ac_nonexistent.h>
configure:12519: checking for ld used by g++
configure:12586: result: /Applications/Xcode.app/Contents/Developer/Toolchains/XcodeDefault.xctoolchain/usr/bin/ld
configure:12593: checking if the linker (/Applications/Xcode.app/Contents/Developer/Toolchains/XcodeDefault.xctoolchain/usr/bin/ld) is GNU ld
configure:12608: result: no
configure:12663: checking whether the g++ linker (/Applications/Xcode.app/Contents/Developer/Toolchains/XcodeDefault.xctoolchain/usr/bin/ld) supports shared libraries
configure:13668: result: yes
configure:13704: g++ -c -g -O2  conftest.cpp >&5
configure:13707: $? = 0
configure:14227: checking for g++ option to produce PIC
configure:14234: result: -fno-common -DPIC
configure:14242: checking if g++ PIC flag -fno-common -DPIC works
configure:14260: g++ -c -g -O2  -fno-common -DPIC -DPIC conftest.cpp >&5
configure:14264: $? = 0
configure:14277: result: yes
configure:14300: checking if g++ static flag -static works
configure:14328: result: no
configure:14340: checking if g++ supports -c -o file.o
configure:14361: g++ -c -g -O2  -o out/conftest2.o conftest.cpp >&5
configure:14365: $? = 0
configure:14387: result: yes
configure:14392: checking if g++ supports -c -o file.o
configure:14439: result: yes
configure:14469: checking whether the g++ linker (/Applications/Xcode.app/Contents/Developer/Toolchains/XcodeDefault.xctoolchain/usr/bin/ld) supports shared libraries
configure:14505: result: yes
configure:14646: checking dynamic linker characteristics
configure:15315: result: darwin15.6.0 dyld
configure:15368: checking how to hardcode library paths into programs
configure:15393: result: immediate
configure:15447: checking for a BSD-compatible install
configure:15515: result: /usr/bin/install -c
configure:15526: checking whether make sets $(MAKE)
configure:15548: result: yes
configure:15600: checking for windres
configure:15630: result: no
configure:15756: checking for an ANSI C-conforming const
configure:15822: gcc -c -g -O2 -Iinclude -I/Users/dbreton/ClionProjects/rtv1/sdl/include   -Iinclude -I/Users/dbreton/ClionProjects/rtv1/sdl/include  conftest.c >&5
configure:15822: $? = 0
configure:15829: result: yes
configure:15837: checking for inline
configure:15853: gcc -c -g -O2 -Iinclude -I/Users/dbreton/ClionProjects/rtv1/sdl/include   -Iinclude -I/Users/dbreton/ClionProjects/rtv1/sdl/include  conftest.c >&5
configure:15853: $? = 0
configure:15861: result: inline
configure:15879: checking for working volatile
configure:15898: gcc -c -g -O2 -Iinclude -I/Users/dbreton/ClionProjects/rtv1/sdl/include   -Iinclude -I/Users/dbreton/ClionProjects/rtv1/sdl/include  conftest.c >&5
configure:15898: $? = 0
configure:15905: result: yes
configure:15958: checking for GCC -MMD -MT option
configure:15976: gcc -c -g -O2 -Iinclude -I/Users/dbreton/ClionProjects/rtv1/sdl/include   -Iinclude -I/Users/dbreton/ClionProjects/rtv1/sdl/include  conftest.c >&5
configure:15976: $? = 0
configure:15982: result: yes
configure:15990: checking for linker option --no-undefined
configure:16013: gcc -o conftest -g -O2 -Iinclude -I/Users/dbreton/ClionProjects/rtv1/sdl/include   -Iinclude -I/Users/dbreton/ClionProjects/rtv1/sdl/include    -Wl,--no-undefined conftest.c  >&5
ld: unknown option: --no-undefined
clang: error: linker command failed with exit code 1 (use -v to see invocation)
configure:16013: $? = 1
configure: failed program was:
| /* confdefs.h */
| #define PACKAGE_NAME ""
| #define PACKAGE_TARNAME ""
| #define PACKAGE_VERSION ""
| #define PACKAGE_STRING ""
| #define PACKAGE_BUGREPORT ""
| #define PACKAGE_URL ""
| #define STDC_HEADERS 1
| #define HAVE_SYS_TYPES_H 1
| #define HAVE_SYS_STAT_H 1
| #define HAVE_STDLIB_H 1
| #define HAVE_STRING_H 1
| #define HAVE_MEMORY_H 1
| #define HAVE_STRINGS_H 1
| #define HAVE_INTTYPES_H 1
| #define HAVE_STDINT_H 1
| #define HAVE_UNISTD_H 1
| #define HAVE_DLFCN_H 1
| #define LT_OBJDIR ".libs/"
| /* end confdefs.h.  */
| 
| 
| int
| main ()
| {
| 
| 
|   ;
|   return 0;
| }
configure:16024: result: no
configure:16039: checking for ANSI C header files
configure:16143: result: yes
configure:16154: checking for sys/types.h
configure:16154: result: yes
configure:16154: checking stdio.h usability
configure:16154: gcc -c -g -O2 -Iinclude -I/Users/dbreton/ClionProjects/rtv1/sdl/include   -Iinclude -I/Users/dbreton/ClionProjects/rtv1/sdl/include  conftest.c >&5
configure:16154: $? = 0
configure:16154: result: yes
configure:16154: checking stdio.h presence
configure:16154: gcc -E  -Iinclude -I/Users/dbreton/ClionProjects/rtv1/sdl/include  conftest.c
configure:16154: $? = 0
configure:16154: result: yes
configure:16154: checking for stdio.h
configure:16154: result: yes
configure:16154: checking for stdlib.h
configure:16154: result: yes

## ---------------- ##
## Cache variables. ##
## ---------------- ##

ac_cv_build=x86_64-apple-darwin15.6.0
ac_cv_c_compiler_gnu=yes
ac_cv_c_const=yes
ac_cv_c_inline=inline
ac_cv_c_volatile=yes
ac_cv_cxx_compiler_gnu=yes
ac_cv_env_CCC_set=
ac_cv_env_CCC_value=
ac_cv_env_CC_set=
ac_cv_env_CC_value=
ac_cv_env_CFLAGS_set=
ac_cv_env_CFLAGS_value=
ac_cv_env_CPPFLAGS_set=
ac_cv_env_CPPFLAGS_value=
ac_cv_env_CPP_set=
ac_cv_env_CPP_value=
ac_cv_env_CXXCPP_set=
ac_cv_env_CXXCPP_value=
ac_cv_env_CXXFLAGS_set=
ac_cv_env_CXXFLAGS_value=
ac_cv_env_CXX_set=
ac_cv_env_CXX_value=
ac_cv_env_LDFLAGS_set=
ac_cv_env_LDFLAGS_value=
ac_cv_env_LIBS_set=
ac_cv_env_LIBS_value=
ac_cv_env_XMKMF_set=
ac_cv_env_XMKMF_value=
ac_cv_env_build_alias_set=
ac_cv_env_build_alias_value=
ac_cv_env_host_alias_set=
ac_cv_env_host_alias_value=
ac_cv_env_target_alias_set=
ac_cv_env_target_alias_value=
ac_cv_header_dlfcn_h=yes
ac_cv_header_inttypes_h=yes
ac_cv_header_memory_h=yes
ac_cv_header_stdc=yes
ac_cv_header_stdint_h=yes
ac_cv_header_stdio_h=yes
ac_cv_header_stdlib_h=yes
ac_cv_header_string_h=yes
ac_cv_header_strings_h=yes
ac_cv_header_sys_stat_h=yes
ac_cv_header_sys_types_h=yes
ac_cv_header_unistd_h=yes
ac_cv_host=x86_64-apple-darwin15.6.0
ac_cv_objext=o
ac_cv_path_EGREP='/usr/bin/grep -E'
ac_cv_path_FGREP='/usr/bin/grep -F'
ac_cv_path_GREP=/usr/bin/grep
ac_cv_path_SED=/usr/bin/sed
ac_cv_path_install='/usr/bin/install -c'
ac_cv_prog_AWK=awk
ac_cv_prog_CPP='gcc -E'
ac_cv_prog_CXXCPP='g++ -E'
ac_cv_prog_ac_ct_AR=ar
ac_cv_prog_ac_ct_CC=gcc
ac_cv_prog_ac_ct_CXX=g++
ac_cv_prog_ac_ct_DSYMUTIL=dsymutil
ac_cv_prog_ac_ct_LIPO=lipo
ac_cv_prog_ac_ct_NMEDIT=nmedit
ac_cv_prog_ac_ct_OTOOL=otool
ac_cv_prog_ac_ct_RANLIB=ranlib
ac_cv_prog_ac_ct_STRIP=strip
ac_cv_prog_cc_c89=
ac_cv_prog_cc_g=yes
ac_cv_prog_cxx_g=yes
ac_cv_prog_make_make_set=yes
lt_cv_apple_cc_single_mod=yes
lt_cv_ar_at_file=no
lt_cv_deplibs_check_method=pass_all
lt_cv_file_magic_cmd='$MAGIC_CMD'
lt_cv_file_magic_test_file=
lt_cv_ld_exported_symbols_list=yes
lt_cv_ld_force_load=yes
lt_cv_ld_reload_flag=-r
lt_cv_nm_interface='BSD nm'
lt_cv_objdir=.libs
lt_cv_path_LD=/Applications/Xcode.app/Contents/Developer/Toolchains/XcodeDefault.xctoolchain/usr/bin/ld
lt_cv_path_LDCXX=/Applications/Xcode.app/Contents/Developer/Toolchains/XcodeDefault.xctoolchain/usr/bin/ld
lt_cv_path_NM='/usr/bin/nm -B'
lt_cv_path_mainfest_tool=no
lt_cv_prog_compiler_c_o=yes
lt_cv_prog_compiler_c_o_CXX=yes
lt_cv_prog_compiler_pic='-fno-common -DPIC'
lt_cv_prog_compiler_pic_CXX='-fno-common -DPIC'
lt_cv_prog_compiler_pic_works=yes
lt_cv_prog_compiler_pic_works_CXX=yes
lt_cv_prog_compiler_rtti_exceptions=yes
lt_cv_prog_compiler_static_works=no
lt_cv_prog_compiler_static_works_CXX=no
lt_cv_prog_gnu_ld=no
lt_cv_prog_gnu_ldcxx=no
lt_cv_sharedlib_from_linklib_cmd='printf %s\n'
lt_cv_sys_global_symbol_pipe='sed -n -e '\''s/^.*[	 ]\([BCDEGRST][BCDEGRST]*\)[	 ][	 ]*_\([_A-Za-z][_A-Za-z0-9]*\)$/\1 _\2 \2/p'\'' | sed '\''/ __gnu_lto/d'\'''
lt_cv_sys_global_symbol_to_c_name_address='sed -n -e '\''s/^: \([^ ]*\)[ ]*$/  {\"\1\", (void *) 0},/p'\'' -e '\''s/^[BCDEGRST]* \([^ ]*\) \([^ ]*\)$/  {"\2", (void *) \&\2},/p'\'''
lt_cv_sys_global_symbol_to_c_name_address_lib_prefix='sed -n -e '\''s/^: \([^ ]*\)[ ]*$/  {\"\1\", (void *) 0},/p'\'' -e '\''s/^[BCDEGRST]* \([^ ]*\) \(lib[^ ]*\)$/  {"\2", (void *) \&\2},/p'\'' -e '\''s/^[BCDEGRST]* \([^ ]*\) \([^ ]*\)$/  {"lib\2", (void *) \&\2},/p'\'''
lt_cv_sys_global_symbol_to_cdecl='sed -n -e '\''s/^T .* \(.*\)$/extern int \1();/p'\'' -e '\''s/^[BCDEGRST]* .* \(.*\)$/extern char \1;/p'\'''
lt_cv_sys_max_cmd_len=196608
lt_cv_to_host_file_cmd=func_convert_file_noop
lt_cv_to_tool_file_cmd=func_convert_file_noop

## ----------------- ##
## Output variables. ##
## ----------------- ##

ALLOCA=''
ALSA_CFLAGS=''
ALSA_LIBS=''
AR='ar'
ARTSCONFIG=''
AS='as'
AWK='awk'
BUILD_CFLAGS='-g -O3 -DUSING_GENERATED_CONFIG_H'
BUILD_LDFLAGS=''
CC='gcc'
CFLAGS='-g -O2 -Iinclude -I/Users/dbreton/ClionProjects/rtv1/sdl/include '
CPP='gcc -E'
CPPFLAGS=' -Iinclude -I/Users/dbreton/ClionProjects/rtv1/sdl/include '
CXX='g++'
CXXCPP='g++ -E'
CXXFLAGS='-g -O2'
DEFS=''
DIRECTFBCONFIG=''
DLLTOOL='false'
DSYMUTIL='dsymutil'
DUMPBIN=''
ECHO_C='\c'
ECHO_N=''
ECHO_T=''
EGREP='/usr/bin/grep -E'
ENABLE_SHARED_FALSE=''
ENABLE_SHARED_TRUE=''
ENABLE_STATIC_FALSE=''
ENABLE_STATIC_TRUE=''
ESD_CFLAGS=''
ESD_CONFIG=''
ESD_LIBS=''
EXEEXT=''
EXTRA_CFLAGS='-Iinclude -I/Users/dbreton/ClionProjects/rtv1/sdl/include '
EXTRA_LDFLAGS=''
FGREP='/usr/bin/grep -F'
GEN_HEADERS=''
GEN_OBJECTS=''
GREP='/usr/bin/grep'
INCLUDE='-Iinclude -I/Users/dbreton/ClionProjects/rtv1/sdl/include'
INSTALL_DATA='${INSTALL} -m 644'
INSTALL_PROGRAM='${INSTALL}'
INSTALL_SCRIPT='${INSTALL}'
LD='/Applications/Xcode.app/Contents/Developer/Toolchains/XcodeDefault.xctoolchain/usr/bin/ld'
LDFLAGS=' '
LIBOBJS=''
LIBS=''
LIBTOOL='$(SHELL) $(top_builddir)/libtool'
LIPO='lipo'
LN_S='ln -s'
LTLIBOBJS=''
LT_AGE='4'
LT_CURRENT='4'
LT_RELEASE='2.0'
LT_REVISION='1'
MANIFEST_TOOL=':'
NM='/usr/bin/nm -B'
NMEDIT='nmedit'
OBJDUMP='false'
OBJECTS=''
OBJEXT='o'
OTOOL64=':'
OTOOL='otool'
PACKAGE_BUGREPORT=''
PACKAGE_NAME=''
PACKAGE_STRING=''
PACKAGE_TARNAME=''
PACKAGE_URL=''
PACKAGE_VERSION=''
PATH_SEPARATOR=':'
PKG_CONFIG=''
POW_LIB=''
RANLIB='ranlib'
SDLMAIN_OBJECTS=''
SDLTEST_OBJECTS=''
SDL_BINARY_AGE='5'
SDL_CFLAGS=''
SDL_INTERFACE_AGE='1'
SDL_LIBS='-lSDL2 '
SDL_MAJOR_VERSION='2'
SDL_MICRO_VERSION='5'
SDL_MINOR_VERSION='0'
SDL_RLD_FLAGS=''
SDL_STATIC_LIBS=''
SDL_VERSION='2.0.5'
SED='/usr/bin/sed'
SET_MAKE=''
SHELL='/bin/sh'
STRIP='strip'
VERSION_OBJECTS=''
WAYLAND_SCANNER=''
WINDRES=':'
XMKMF=''
X_CFLAGS=''
X_EXTRA_LIBS=''
X_LIBS=''
X_PRE_LIBS=''
ac_aux_dir='build-scripts'
ac_ct_AR='ar'
ac_ct_CC='gcc'
ac_ct_CXX='g++'
ac_ct_DUMPBIN=''
bindir='${exec_prefix}/bin'
build='x86_64-apple-darwin15.6.0'
build_alias=''
build_cpu='x86_64'
build_os='darwin15.6.0'
build_vendor='apple'
datadir='${datarootdir}'
datarootdir='${prefix}/share'
docdir='${datarootdir}/doc/${PACKAGE}'
dvidir='${docdir}'
exec_prefix='NONE'
host='x86_64-apple-darwin15.6.0'
host_alias=''
host_cpu='x86_64'
host_os='darwin15.6.0'
host_vendor='apple'
htmldir='${docdir}'
includedir='${prefix}/include'
infodir='${datarootdir}/info'
libdir='${exec_prefix}/lib'
libexecdir='${exec_prefix}/libexec'
localedir='${datarootdir}/locale'
localstatedir='${prefix}/var'
mandir='${datarootdir}/man'
oldincludedir='/usr/include'
pdfdir='${docdir}'
prefix='/Users/dbreton/ClionProjects/rtv1/sdl'
program_transform_name='s,x,x,'
psdir='${docdir}'
sbindir='${exec_prefix}/sbin'
sharedstatedir='${prefix}/com'
sysconfdir='${prefix}/etc'
target_alias=''

## ----------- ##
## confdefs.h. ##
## ----------- ##

/* confdefs.h */
#define PACKAGE_NAME ""
#define PACKAGE_TARNAME ""
#define PACKAGE_VERSION ""
#define PACKAGE_STRING ""
#define PACKAGE_BUGREPORT ""
#define PACKAGE_URL ""
#define STDC_HEADERS 1
#define HAVE_SYS_TYPES_H 1
#define HAVE_SYS_STAT_H 1
#define HAVE_STDLIB_H 1
#define HAVE_STRING_H 1
#define HAVE_MEMORY_H 1
#define HAVE_STRINGS_H 1
#define HAVE_INTTYPES_H 1
#define HAVE_STDINT_H 1
#define HAVE_UNISTD_H 1
#define HAVE_DLFCN_H 1
#define LT_OBJDIR ".libs/"
#define HAVE_LIBC 1
#define STDC_HEADERS 1
#define HAVE_SYS_TYPES_H 1
#define HAVE_STDIO_H 1
#define HAVE_STDLIB_H 1

configure: caught signal 2
configure: exit 1
